app/build/intermediates/manifest_merge_blame_file/debug/manifest-merger-blame-debug-report.txt
1<?xml version="1.0" encoding="utf-8"?>
2<manifest xmlns:android="http://schemas.android.com/apk/res/android"
3    package="com.rocketteam.d3vs"
4    android:versionCode="1"
5    android:versionName="1.0" >
6
7    <uses-sdk
8        android:minSdkVersion="26"
8-->src\main\AndroidManifest.xml
9        android:targetSdkVersion="33" />
9-->src\main\AndroidManifest.xml
10
11    <permission
11-->[androidx.core:core:1.9.0] AndroidManifest.xml:22:5-24:47
12        android:name="com.rocketteam.d3vs.DYNAMIC_RECEIVER_NOT_EXPORTED_PERMISSION"
12-->[androidx.core:core:1.9.0] AndroidManifest.xml:23:9-81
13        android:protectionLevel="signature" />
13-->[androidx.core:core:1.9.0] AndroidManifest.xml:24:9-44
14
15    <uses-permission android:name="com.rocketteam.d3vs.DYNAMIC_RECEIVER_NOT_EXPORTED_PERMISSION" />
15-->[androidx.core:core:1.9.0] AndroidManifest.xml:26:5-97
15-->[androidx.core:core:1.9.0] AndroidManifest.xml:26:22-94
16
17    <application
17-->src\main\AndroidManifest.xml:6:5-43:19
18        android:allowBackup="true"
18-->src\main\AndroidManifest.xml:7:9-35
19        android:appComponentFactory="androidx.core.app.CoreComponentFactory"
19-->[androidx.core:core:1.9.0] AndroidManifest.xml:28:18-86
20        android:dataExtractionRules="@xml/data_extraction_rules"
20-->src\main\AndroidManifest.xml:8:9-65
21        android:debuggable="true"
22        android:extractNativeLibs="false"
23        android:fullBackupContent="@xml/backup_rules"
23-->src\main\AndroidManifest.xml:9:9-54
24        android:icon="@mipmap/ic_launcher"
24-->src\main\AndroidManifest.xml:10:9-43
25        android:label="@string/app_name"
25-->src\main\AndroidManifest.xml:11:9-41
26        android:roundIcon="@mipmap/ic_launcher_round"
26-->src\main\AndroidManifest.xml:12:9-54
27        android:supportsRtl="true"
27-->src\main\AndroidManifest.xml:13:9-35
28        android:testOnly="true"
29        android:theme="@style/Theme.D3vs" >
29-->src\main\AndroidManifest.xml:14:9-42
30        <activity
30-->src\main\AndroidManifest.xml:16:9-19:59
31            android:name="com.rocketteam.d3vs.activities.Home"
31-->src\main\AndroidManifest.xml:17:13-44
32            android:exported="false"
32-->src\main\AndroidManifest.xml:18:13-37
33            android:label="@string/title_activity_home" />
33-->src\main\AndroidManifest.xml:19:13-56
34        <activity
34-->src\main\AndroidManifest.xml:20:9-22:40
35            android:name="com.rocketteam.d3vs.activities.CriarperfilTutor"
35-->src\main\AndroidManifest.xml:21:13-56
36            android:exported="false" />
36-->src\main\AndroidManifest.xml:22:13-37
37        <activity
37-->src\main\AndroidManifest.xml:23:9-25:40
38            android:name="com.rocketteam.d3vs.activities.CriarPerfil"
38-->src\main\AndroidManifest.xml:24:13-51
39            android:exported="false" />
39-->src\main\AndroidManifest.xml:25:13-37
40        <activity
40-->src\main\AndroidManifest.xml:26:9-28:40
41            android:name="com.rocketteam.d3vs.activities.Login"
41-->src\main\AndroidManifest.xml:27:13-45
42            android:exported="false" />
42-->src\main\AndroidManifest.xml:28:13-37
43        <activity
43-->src\main\AndroidManifest.xml:29:9-33:61
44            android:name="com.rocketteam.d3vs.activities.Cadastro"
44-->src\main\AndroidManifest.xml:30:13-48
45            android:exported="false"
45-->src\main\AndroidManifest.xml:31:13-37
46            android:label="@string/title_activity_cadastro"
46-->src\main\AndroidManifest.xml:32:13-60
47            android:theme="@style/Theme.D3vs.NoActionBar" />
47-->src\main\AndroidManifest.xml:33:13-58
48        <activity
48-->src\main\AndroidManifest.xml:34:9-42:20
49            android:name="com.rocketteam.d3vs.activities.MainActivity"
49-->src\main\AndroidManifest.xml:35:13-52
50            android:exported="true" >
50-->src\main\AndroidManifest.xml:36:13-36
51            <intent-filter>
51-->src\main\AndroidManifest.xml:37:13-41:29
52                <action android:name="android.intent.action.MAIN" />
52-->src\main\AndroidManifest.xml:38:17-69
52-->src\main\AndroidManifest.xml:38:25-66
53
54                <category android:name="android.intent.category.LAUNCHER" />
54-->src\main\AndroidManifest.xml:40:17-77
54-->src\main\AndroidManifest.xml:40:27-74
55            </intent-filter>
56        </activity>
57
58        <uses-library
58-->[androidx.window:window:1.0.0] AndroidManifest.xml:25:9-27:40
59            android:name="androidx.window.extensions"
59-->[androidx.window:window:1.0.0] AndroidManifest.xml:26:13-54
60            android:required="false" />
60-->[androidx.window:window:1.0.0] AndroidManifest.xml:27:13-37
61        <uses-library
61-->[androidx.window:window:1.0.0] AndroidManifest.xml:28:9-30:40
62            android:name="androidx.window.sidecar"
62-->[androidx.window:window:1.0.0] AndroidManifest.xml:29:13-51
63            android:required="false" />
63-->[androidx.window:window:1.0.0] AndroidManifest.xml:30:13-37
64
65        <service
65-->[androidx.room:room-runtime:2.4.3] AndroidManifest.xml:25:9-28:40
66            android:name="androidx.room.MultiInstanceInvalidationService"
66-->[androidx.room:room-runtime:2.4.3] AndroidManifest.xml:26:13-74
67            android:directBootAware="true"
67-->[androidx.room:room-runtime:2.4.3] AndroidManifest.xml:27:13-43
68            android:exported="false" />
68-->[androidx.room:room-runtime:2.4.3] AndroidManifest.xml:28:13-37
69
70        <provider
70-->[androidx.emoji2:emoji2:1.2.0-rc01] AndroidManifest.xml:24:9-32:20
71            android:name="androidx.startup.InitializationProvider"
71-->[androidx.emoji2:emoji2:1.2.0-rc01] AndroidManifest.xml:25:13-67
72            android:authorities="com.rocketteam.d3vs.androidx-startup"
72-->[androidx.emoji2:emoji2:1.2.0-rc01] AndroidManifest.xml:26:13-68
73            android:exported="false" >
73-->[androidx.emoji2:emoji2:1.2.0-rc01] AndroidManifest.xml:27:13-37
74            <meta-data
74-->[androidx.emoji2:emoji2:1.2.0-rc01] AndroidManifest.xml:29:13-31:52
75                android:name="androidx.emoji2.text.EmojiCompatInitializer"
75-->[androidx.emoji2:emoji2:1.2.0-rc01] AndroidManifest.xml:30:17-75
76                android:value="androidx.startup" />
76-->[androidx.emoji2:emoji2:1.2.0-rc01] AndroidManifest.xml:31:17-49
77            <meta-data
77-->[androidx.lifecycle:lifecycle-process:2.4.1] AndroidManifest.xml:31:13-33:52
78                android:name="androidx.lifecycle.ProcessLifecycleInitializer"
78-->[androidx.lifecycle:lifecycle-process:2.4.1] AndroidManifest.xml:32:17-78
79                android:value="androidx.startup" />
79-->[androidx.lifecycle:lifecycle-process:2.4.1] AndroidManifest.xml:33:17-49
80        </provider>
81    </application>
82
83</manifest>